2023-01-06 11:56:33,458 INFO    StreamThr :3069249 [internal.py:wandb_internal():87] W&B internal server running at pid: 3069249, started at: 2023-01-06 11:56:33.449903
2023-01-06 11:56:33,494 DEBUG   HandlerThread:3069249 [handler.py:handle_request():139] handle_request: status
2023-01-06 11:56:33,494 DEBUG   SenderThread:3069249 [sender.py:send_request():317] send_request: status
2023-01-06 11:56:33,506 DEBUG   SenderThread:3069249 [sender.py:send():303] send: header
2023-01-06 11:56:33,506 INFO    WriterThread:3069249 [datastore.py:open_for_write():75] open: /share/pierson/selective_labels_data/hirid_data_analysis/richras_dir/learning_from_doctor_and_patient/Stop_Frisk_Notebooks/wandb/run-20230106_115633-2j1urk6o/run-2j1urk6o.wandb
2023-01-06 11:56:33,999 DEBUG   SenderThread:3069249 [sender.py:send():303] send: run
2023-01-06 11:56:34,240 DEBUG   HandlerThread:3069249 [handler.py:handle_request():139] handle_request: check_version
2023-01-06 11:56:34,278 INFO    SenderThread:3069249 [dir_watcher.py:__init__():216] watching files in: /share/pierson/selective_labels_data/hirid_data_analysis/richras_dir/learning_from_doctor_and_patient/Stop_Frisk_Notebooks/wandb/run-20230106_115633-2j1urk6o/files
2023-01-06 11:56:34,278 INFO    SenderThread:3069249 [sender.py:_start_run_threads():928] run started: 2j1urk6o with start time 1673024193.422614
2023-01-06 11:56:34,278 DEBUG   SenderThread:3069249 [sender.py:send():303] send: summary
2023-01-06 11:56:34,279 INFO    SenderThread:3069249 [sender.py:_save_file():1171] saving file wandb-summary.json with policy end
2023-01-06 11:56:34,280 DEBUG   SenderThread:3069249 [sender.py:send_request():317] send_request: check_version
2023-01-06 11:56:34,360 DEBUG   HandlerThread:3069249 [handler.py:handle_request():139] handle_request: run_start
2023-01-06 11:56:34,367 DEBUG   HandlerThread:3069249 [system_info.py:__init__():31] System info init
2023-01-06 11:56:34,367 DEBUG   HandlerThread:3069249 [system_info.py:__init__():46] System info init done
2023-01-06 11:56:34,367 INFO    HandlerThread:3069249 [system_monitor.py:start():150] Starting system monitor
2023-01-06 11:56:34,381 INFO    SystemMonitor:3069249 [system_monitor.py:_start():116] Starting system asset monitoring threads
2023-01-06 11:56:34,381 INFO    HandlerThread:3069249 [system_monitor.py:probe():171] Collecting system info
2023-01-06 11:56:34,402 INFO    SystemMonitor:3069249 [interfaces.py:start():168] Started cpu
2023-01-06 11:56:34,403 INFO    SystemMonitor:3069249 [interfaces.py:start():168] Started disk
2023-01-06 11:56:34,403 INFO    SystemMonitor:3069249 [interfaces.py:start():168] Started gpu
2023-01-06 11:56:34,418 DEBUG   HandlerThread:3069249 [system_info.py:probe():195] Probing system
2023-01-06 11:56:34,430 INFO    SystemMonitor:3069249 [interfaces.py:start():168] Started memory
2023-01-06 11:56:34,431 INFO    SystemMonitor:3069249 [interfaces.py:start():168] Started network
2023-01-06 11:56:34,451 DEBUG   HandlerThread:3069249 [system_info.py:_probe_git():180] Probing git
2023-01-06 11:56:34,513 DEBUG   HandlerThread:3069249 [system_info.py:_probe_git():188] Probing git done
2023-01-06 11:56:34,514 DEBUG   HandlerThread:3069249 [system_info.py:probe():241] Probing system done
2023-01-06 11:56:34,514 DEBUG   HandlerThread:3069249 [system_monitor.py:probe():180] {'os': 'Linux-5.4.0-135-generic-x86_64-with-glibc2.10', 'python': '3.8.8', 'heartbeatAt': '2023-01-06T16:56:34.418753', 'startedAt': '2023-01-06T16:56:33.396916', 'docker': None, 'cuda': None, 'args': None, 'state': 'running', 'program': '<python with no main file>', 'git': {'remote': 'https://github.com/epierson9/learning_from_doctor_and_patient.git', 'commit': 'f3901c10403c408addb2d646aeaa167029b07d5a'}, 'email': 'richa2910@gmail.com', 'root': '/share/pierson/selective_labels_data/hirid_data_analysis/richras_dir/learning_from_doctor_and_patient', 'host': 'klara.tech.cornell.edu', 'username': 'rr568', 'executable': '/home/rr568/.conda/envs/icu-benchmark/bin/python', 'cpu_count': 56, 'cpu_count_logical': 56, 'cpu_freq': {'current': 1434.9556964285712, 'min': 1000.0, 'max': 4000.0}, 'cpu_freq_per_core': [{'current': 1000.016, 'min': 1000.0, 'max': 4000.0}, {'current': 1000.699, 'min': 1000.0, 'max': 4000.0}, {'current': 3696.61, 'min': 1000.0, 'max': 4000.0}, {'current': 3696.591, 'min': 1000.0, 'max': 4000.0}, {'current': 999.484, 'min': 1000.0, 'max': 4000.0}, {'current': 1000.036, 'min': 1000.0, 'max': 4000.0}, {'current': 2911.14, 'min': 1000.0, 'max': 4000.0}, {'current': 2892.789, 'min': 1000.0, 'max': 4000.0}, {'current': 1102.786, 'min': 1000.0, 'max': 4000.0}, {'current': 1000.684, 'min': 1000.0, 'max': 4000.0}, {'current': 1000.1, 'min': 1000.0, 'max': 4000.0}, {'current': 1000.064, 'min': 1000.0, 'max': 4000.0}, {'current': 1000.033, 'min': 1000.0, 'max': 4000.0}, {'current': 1000.013, 'min': 1000.0, 'max': 4000.0}, {'current': 2700.602, 'min': 1000.0, 'max': 4000.0}, {'current': 1000.716, 'min': 1000.0, 'max': 4000.0}, {'current': 1000.011, 'min': 1000.0, 'max': 4000.0}, {'current': 1000.109, 'min': 1000.0, 'max': 4000.0}, {'current': 1073.512, 'min': 1000.0, 'max': 4000.0}, {'current': 1000.0, 'min': 1000.0, 'max': 4000.0}, {'current': 1000.671, 'min': 1000.0, 'max': 4000.0}, {'current': 1001.349, 'min': 1000.0, 'max': 4000.0}, {'current': 1000.533, 'min': 1000.0, 'max': 4000.0}, {'current': 1100.193, 'min': 1000.0, 'max': 4000.0}, {'current': 3694.505, 'min': 1000.0, 'max': 4000.0}, {'current': 1462.241, 'min': 1000.0, 'max': 4000.0}, {'current': 1000.363, 'min': 1000.0, 'max': 4000.0}, {'current': 999.853, 'min': 1000.0, 'max': 4000.0}, {'current': 1100.46, 'min': 1000.0, 'max': 4000.0}, {'current': 1000.612, 'min': 1000.0, 'max': 4000.0}, {'current': 3765.11, 'min': 1000.0, 'max': 4000.0}, {'current': 3612.134, 'min': 1000.0, 'max': 4000.0}, {'current': 1000.536, 'min': 1000.0, 'max': 4000.0}, {'current': 999.84, 'min': 1000.0, 'max': 4000.0}, {'current': 1000.553, 'min': 1000.0, 'max': 4000.0}, {'current': 1001.152, 'min': 1000.0, 'max': 4000.0}, {'current': 1000.535, 'min': 1000.0, 'max': 4000.0}, {'current': 999.616, 'min': 1000.0, 'max': 4000.0}, {'current': 1000.263, 'min': 1000.0, 'max': 4000.0}, {'current': 1000.32, 'min': 1000.0, 'max': 4000.0}, {'current': 1000.061, 'min': 1000.0, 'max': 4000.0}, {'current': 1000.966, 'min': 1000.0, 'max': 4000.0}, {'current': 1000.129, 'min': 1000.0, 'max': 4000.0}, {'current': 3764.177, 'min': 1000.0, 'max': 4000.0}, {'current': 1199.86, 'min': 1000.0, 'max': 4000.0}, {'current': 1000.875, 'min': 1000.0, 'max': 4000.0}, {'current': 1000.094, 'min': 1000.0, 'max': 4000.0}, {'current': 999.84, 'min': 1000.0, 'max': 4000.0}, {'current': 1000.343, 'min': 1000.0, 'max': 4000.0}, {'current': 1000.116, 'min': 1000.0, 'max': 4000.0}, {'current': 1000.282, 'min': 1000.0, 'max': 4000.0}, {'current': 1000.125, 'min': 1000.0, 'max': 4000.0}, {'current': 1000.056, 'min': 1000.0, 'max': 4000.0}, {'current': 1000.34, 'min': 1000.0, 'max': 4000.0}, {'current': 999.907, 'min': 1000.0, 'max': 4000.0}, {'current': 1000.396, 'min': 1000.0, 'max': 4000.0}], 'disk': {'total': 79.9609375, 'used': 36.757843017578125}, 'memory': {'total': 1007.5650444030762}}
2023-01-06 11:56:34,514 INFO    HandlerThread:3069249 [system_monitor.py:probe():181] Finished collecting system info
2023-01-06 11:56:34,514 INFO    HandlerThread:3069249 [system_monitor.py:probe():184] Publishing system info
2023-01-06 11:56:34,514 DEBUG   HandlerThread:3069249 [system_info.py:_save_pip():51] Saving list of pip packages installed into the current environment
2023-01-06 11:56:34,515 DEBUG   HandlerThread:3069249 [system_info.py:_save_pip():67] Saving pip packages done
2023-01-06 11:56:34,515 DEBUG   HandlerThread:3069249 [system_info.py:_save_conda():74] Saving list of conda packages installed into the current environment
2023-01-06 11:56:35,280 INFO    Thread-13 :3069249 [dir_watcher.py:_on_file_created():275] file/dir created: /share/pierson/selective_labels_data/hirid_data_analysis/richras_dir/learning_from_doctor_and_patient/Stop_Frisk_Notebooks/wandb/run-20230106_115633-2j1urk6o/files/conda-environment.yaml
2023-01-06 11:56:35,280 INFO    Thread-13 :3069249 [dir_watcher.py:_on_file_created():275] file/dir created: /share/pierson/selective_labels_data/hirid_data_analysis/richras_dir/learning_from_doctor_and_patient/Stop_Frisk_Notebooks/wandb/run-20230106_115633-2j1urk6o/files/requirements.txt
2023-01-06 11:56:35,281 INFO    Thread-13 :3069249 [dir_watcher.py:_on_file_created():275] file/dir created: /share/pierson/selective_labels_data/hirid_data_analysis/richras_dir/learning_from_doctor_and_patient/Stop_Frisk_Notebooks/wandb/run-20230106_115633-2j1urk6o/files/wandb-summary.json
2023-01-06 11:56:40,285 INFO    Thread-13 :3069249 [dir_watcher.py:_on_file_modified():292] file/dir modified: /share/pierson/selective_labels_data/hirid_data_analysis/richras_dir/learning_from_doctor_and_patient/Stop_Frisk_Notebooks/wandb/run-20230106_115633-2j1urk6o/files/conda-environment.yaml
2023-01-06 11:56:40,519 DEBUG   HandlerThread:3069249 [system_info.py:_save_conda():86] Saving conda packages done
2023-01-06 11:56:40,520 INFO    HandlerThread:3069249 [system_monitor.py:probe():186] Finished publishing system info
2023-01-06 11:56:40,530 DEBUG   HandlerThread:3069249 [handler.py:handle_request():139] handle_request: stop_status
2023-01-06 11:56:40,531 DEBUG   SenderThread:3069249 [sender.py:send_request():317] send_request: stop_status
2023-01-06 11:56:40,533 DEBUG   HandlerThread:3069249 [handler.py:handle_request():139] handle_request: pause
2023-01-06 11:56:40,533 INFO    HandlerThread:3069249 [handler.py:handle_request_pause():696] stopping system metrics thread or process
2023-01-06 11:56:40,533 INFO    HandlerThread:3069249 [system_monitor.py:finish():160] Stopping system monitor
2023-01-06 11:56:40,533 DEBUG   SystemMonitor:3069249 [system_monitor.py:_start():130] Starting system metrics aggregation loop
2023-01-06 11:56:40,533 DEBUG   SystemMonitor:3069249 [system_monitor.py:_start():137] Finished system metrics aggregation loop
2023-01-06 11:56:40,533 DEBUG   SystemMonitor:3069249 [system_monitor.py:_start():141] Publishing last batch of metrics
2023-01-06 11:56:40,534 INFO    HandlerThread:3069249 [interfaces.py:finish():175] Joined cpu
2023-01-06 11:56:40,534 INFO    HandlerThread:3069249 [interfaces.py:finish():175] Joined disk
2023-01-06 11:56:40,534 INFO    HandlerThread:3069249 [interfaces.py:finish():175] Joined gpu
2023-01-06 11:56:40,534 INFO    HandlerThread:3069249 [interfaces.py:finish():175] Joined memory
2023-01-06 11:56:40,534 INFO    HandlerThread:3069249 [interfaces.py:finish():175] Joined network
2023-01-06 11:56:40,534 DEBUG   HandlerThread:3069249 [handler.py:handle_request():139] handle_request: resume
2023-01-06 11:56:40,534 INFO    HandlerThread:3069249 [handler.py:handle_request_resume():687] starting system metrics thread or process
2023-01-06 11:56:40,534 DEBUG   HandlerThread:3069249 [handler.py:handle_request():139] handle_request: pause
2023-01-06 11:56:40,534 INFO    HandlerThread:3069249 [handler.py:handle_request_pause():696] stopping system metrics thread or process
2023-01-06 11:56:40,534 DEBUG   HandlerThread:3069249 [handler.py:handle_request():139] handle_request: resume
2023-01-06 11:56:40,534 INFO    HandlerThread:3069249 [handler.py:handle_request_resume():687] starting system metrics thread or process
2023-01-06 11:56:40,606 DEBUG   SenderThread:3069249 [sender.py:send():303] send: telemetry
2023-01-06 11:56:40,606 DEBUG   SenderThread:3069249 [sender.py:send():303] send: files
2023-01-06 11:56:40,606 INFO    SenderThread:3069249 [sender.py:_save_file():1171] saving file wandb-metadata.json with policy now
2023-01-06 11:56:41,007 INFO    Thread-16 :3069249 [upload_job.py:push():143] Uploaded file /tmp/tmp6f60keopwandb/eg5rzw6j-wandb-metadata.json
2023-01-06 11:56:41,286 INFO    Thread-13 :3069249 [dir_watcher.py:_on_file_created():275] file/dir created: /share/pierson/selective_labels_data/hirid_data_analysis/richras_dir/learning_from_doctor_and_patient/Stop_Frisk_Notebooks/wandb/run-20230106_115633-2j1urk6o/files/wandb-metadata.json
2023-01-06 11:56:55,616 DEBUG   HandlerThread:3069249 [handler.py:handle_request():139] handle_request: stop_status
2023-01-06 11:56:55,617 DEBUG   SenderThread:3069249 [sender.py:send_request():317] send_request: stop_status
2023-01-06 11:57:04,303 INFO    Thread-13 :3069249 [dir_watcher.py:_on_file_modified():292] file/dir modified: /share/pierson/selective_labels_data/hirid_data_analysis/richras_dir/learning_from_doctor_and_patient/Stop_Frisk_Notebooks/wandb/run-20230106_115633-2j1urk6o/files/config.yaml
2023-01-06 11:57:05,722 DEBUG   HandlerThread:3069249 [handler.py:handle_request():139] handle_request: log_artifact
2023-01-06 11:57:05,722 DEBUG   SenderThread:3069249 [sender.py:send_request():317] send_request: log_artifact
2023-01-06 11:57:06,029 DEBUG   HandlerThread:3069249 [handler.py:handle_request():139] handle_request: log_artifact
2023-01-06 11:57:06,135 DEBUG   HandlerThread:3069249 [handler.py:handle_request():139] handle_request: log_artifact
2023-01-06 11:57:06,239 DEBUG   HandlerThread:3069249 [handler.py:handle_request():139] handle_request: log_artifact
2023-01-06 11:57:06,305 INFO    Thread-13 :3069249 [dir_watcher.py:_on_file_created():275] file/dir created: /share/pierson/selective_labels_data/hirid_data_analysis/richras_dir/learning_from_doctor_and_patient/Stop_Frisk_Notebooks/wandb/run-20230106_115633-2j1urk6o/files/media/table/grouped_dataset_T_D_0_1b77bc324ba07d4347a7.table.json
2023-01-06 11:57:06,306 INFO    Thread-13 :3069249 [dir_watcher.py:_on_file_created():275] file/dir created: /share/pierson/selective_labels_data/hirid_data_analysis/richras_dir/learning_from_doctor_and_patient/Stop_Frisk_Notebooks/wandb/run-20230106_115633-2j1urk6o/files/media/table/frisked_stop_0_643bd55f8229b7a4802e.table.json
2023-01-06 11:57:06,306 INFO    Thread-13 :3069249 [dir_watcher.py:_on_file_created():275] file/dir created: /share/pierson/selective_labels_data/hirid_data_analysis/richras_dir/learning_from_doctor_and_patient/Stop_Frisk_Notebooks/wandb/run-20230106_115633-2j1urk6o/files/media/table/stops_0_66bce57a8446fe1d5d1f.table.json
2023-01-06 11:57:06,306 INFO    Thread-13 :3069249 [dir_watcher.py:_on_file_created():275] file/dir created: /share/pierson/selective_labels_data/hirid_data_analysis/richras_dir/learning_from_doctor_and_patient/Stop_Frisk_Notebooks/wandb/run-20230106_115633-2j1urk6o/files/media/table/weapons_frisk_0_9d7919393af5d797d60d.table.json
2023-01-06 11:57:06,306 INFO    Thread-13 :3069249 [dir_watcher.py:_on_file_created():275] file/dir created: /share/pierson/selective_labels_data/hirid_data_analysis/richras_dir/learning_from_doctor_and_patient/Stop_Frisk_Notebooks/wandb/run-20230106_115633-2j1urk6o/files/media
2023-01-06 11:57:06,307 INFO    Thread-13 :3069249 [dir_watcher.py:_on_file_created():275] file/dir created: /share/pierson/selective_labels_data/hirid_data_analysis/richras_dir/learning_from_doctor_and_patient/Stop_Frisk_Notebooks/wandb/run-20230106_115633-2j1urk6o/files/media/table
2023-01-06 11:57:06,336 DEBUG   HandlerThread:3069249 [handler.py:handle_request():139] handle_request: log_artifact
2023-01-06 11:57:06,344 DEBUG   HandlerThread:3069249 [handler.py:handle_request():139] handle_request: partial_history
2023-01-06 11:57:06,473 INFO    Thread-18 :3069249 [upload_job.py:push():101] Uploaded file /home/rr568/.cache/wandb/artifacts/obj/md5/6d/ff8852b53c7856ae9bbc5c5bdd8996
2023-01-06 11:57:06,676 INFO    Thread-20 :3069249 [upload_job.py:push():143] Uploaded file /tmp/tmp6f60keopwandb/ppqcw7z8-media/table/frisked_stop_0_643bd55f8229b7a4802e.table.json
2023-01-06 11:57:06,706 INFO    Thread-19 :3069249 [upload_job.py:push():143] Uploaded file /tmp/tmp6f60keopwandb/dih5ra71-media/table/grouped_dataset_T_D_0_1b77bc324ba07d4347a7.table.json
2023-01-06 11:57:06,720 INFO    Thread-21 :3069249 [upload_job.py:push():143] Uploaded file /tmp/tmp6f60keopwandb/2dwlaogl-media/table/stops_0_66bce57a8446fe1d5d1f.table.json
2023-01-06 11:57:06,784 INFO    Thread-22 :3069249 [upload_job.py:push():143] Uploaded file /tmp/tmp6f60keopwandb/hmfldi7o-media/table/weapons_frisk_0_9d7919393af5d797d60d.table.json
2023-01-06 11:57:07,007 INFO    SenderThread:3069249 [sender.py:send_request_log_artifact():1222] logged artifact run-2j1urk6o-grouped_dataset_T_D - {'id': 'QXJ0aWZhY3Q6MzE1MzcxMDA3', 'digest': 'c24ce9574750bf7880c7192c38533ff3', 'state': 'PENDING', 'aliases': [], 'artifactSequence': {'id': 'QXJ0aWZhY3RDb2xsZWN0aW9uOjQ4ODU0NzA1', 'latestArtifact': None}, 'version': 'latest'}
2023-01-06 11:57:07,007 DEBUG   SenderThread:3069249 [sender.py:send():303] send: files
2023-01-06 11:57:07,007 INFO    SenderThread:3069249 [sender.py:_save_file():1171] saving file media/table/grouped_dataset_T_D_0_1b77bc324ba07d4347a7.table.json with policy now
2023-01-06 11:57:07,008 DEBUG   SenderThread:3069249 [sender.py:send_request():317] send_request: log_artifact
2023-01-06 11:57:07,307 INFO    Thread-13 :3069249 [dir_watcher.py:_on_file_created():275] file/dir created: /share/pierson/selective_labels_data/hirid_data_analysis/richras_dir/learning_from_doctor_and_patient/Stop_Frisk_Notebooks/wandb/run-20230106_115633-2j1urk6o/files/media/table/weapons_stop_0_53c3b135e578c87fb2eb.table.json
2023-01-06 11:57:07,307 INFO    Thread-13 :3069249 [dir_watcher.py:_on_file_modified():292] file/dir modified: /share/pierson/selective_labels_data/hirid_data_analysis/richras_dir/learning_from_doctor_and_patient/Stop_Frisk_Notebooks/wandb/run-20230106_115633-2j1urk6o/files/media/table
2023-01-06 11:57:07,423 INFO    Thread-23 :3069249 [upload_job.py:push():143] Uploaded file /tmp/tmp6f60keopwandb/17tuu0jb-media/table/grouped_dataset_T_D_0_1b77bc324ba07d4347a7.table.json
2023-01-06 11:57:07,673 INFO    Thread-24 :3069249 [upload_job.py:push():143] Uploaded file /tmp/tmp6f60keopwandb/15v620s2-media/table/weapons_stop_0_53c3b135e578c87fb2eb.table.json
2023-01-06 11:57:07,715 INFO    Thread-26 :3069249 [upload_job.py:push():101] Uploaded file /home/rr568/.cache/wandb/artifacts/obj/md5/e2/d1621093e00be2d8c942e2df1d254d
2023-01-06 11:57:08,286 INFO    SenderThread:3069249 [sender.py:send_request_log_artifact():1222] logged artifact run-2j1urk6o-stops - {'id': 'QXJ0aWZhY3Q6MzE1MzcxMDIz', 'digest': '92d84ea7636999e8a427967afb2ead4e', 'state': 'PENDING', 'aliases': [], 'artifactSequence': {'id': 'QXJ0aWZhY3RDb2xsZWN0aW9uOjQ4ODU0NzA2', 'latestArtifact': None}, 'version': 'latest'}
2023-01-06 11:57:08,286 DEBUG   SenderThread:3069249 [sender.py:send():303] send: files
2023-01-06 11:57:08,286 INFO    SenderThread:3069249 [sender.py:_save_file():1171] saving file media/table/stops_0_66bce57a8446fe1d5d1f.table.json with policy now
2023-01-06 11:57:08,287 DEBUG   SenderThread:3069249 [sender.py:send_request():317] send_request: log_artifact
2023-01-06 11:57:08,732 INFO    Thread-27 :3069249 [upload_job.py:push():143] Uploaded file /tmp/tmp6f60keopwandb/2sw3segj-media/table/stops_0_66bce57a8446fe1d5d1f.table.json
2023-01-06 11:57:09,082 INFO    Thread-29 :3069249 [upload_job.py:push():101] Uploaded file /home/rr568/.cache/wandb/artifacts/obj/md5/05/f4a9db74bc540dd3c8d3d0f7fc6da4
2023-01-06 11:57:09,743 INFO    SenderThread:3069249 [sender.py:send_request_log_artifact():1222] logged artifact run-2j1urk6o-frisked_stop - {'id': 'QXJ0aWZhY3Q6MzE1MzcxMDM0', 'digest': '6cb0972fd87b6ce02fd36a4d3b060cba', 'state': 'PENDING', 'aliases': [], 'artifactSequence': {'id': 'QXJ0aWZhY3RDb2xsZWN0aW9uOjQ4ODU0NzA3', 'latestArtifact': None}, 'version': 'latest'}
2023-01-06 11:57:09,744 DEBUG   SenderThread:3069249 [sender.py:send():303] send: files
2023-01-06 11:57:09,744 INFO    SenderThread:3069249 [sender.py:_save_file():1171] saving file media/table/frisked_stop_0_643bd55f8229b7a4802e.table.json with policy now
2023-01-06 11:57:09,744 DEBUG   SenderThread:3069249 [sender.py:send_request():317] send_request: log_artifact
2023-01-06 11:57:10,198 INFO    Thread-30 :3069249 [upload_job.py:push():143] Uploaded file /tmp/tmp6f60keopwandb/12fn58tm-media/table/frisked_stop_0_643bd55f8229b7a4802e.table.json
2023-01-06 11:57:10,487 INFO    Thread-32 :3069249 [upload_job.py:push():101] Uploaded file /home/rr568/.cache/wandb/artifacts/obj/md5/ec/26cf3ae29952424bc24ba30cba2fae
2023-01-06 11:57:10,699 DEBUG   HandlerThread:3069249 [handler.py:handle_request():139] handle_request: stop_status
2023-01-06 11:57:11,095 INFO    SenderThread:3069249 [sender.py:send_request_log_artifact():1222] logged artifact run-2j1urk6o-weapons_frisk - {'id': 'QXJ0aWZhY3Q6MzE1MzcxMDUx', 'digest': 'ba805cedb61dd911c48c777cd7c3bb92', 'state': 'PENDING', 'aliases': [], 'artifactSequence': {'id': 'QXJ0aWZhY3RDb2xsZWN0aW9uOjQ4ODU0NzA4', 'latestArtifact': None}, 'version': 'latest'}
2023-01-06 11:57:11,095 DEBUG   SenderThread:3069249 [sender.py:send():303] send: files
2023-01-06 11:57:11,095 INFO    SenderThread:3069249 [sender.py:_save_file():1171] saving file media/table/weapons_frisk_0_9d7919393af5d797d60d.table.json with policy now
2023-01-06 11:57:11,095 DEBUG   SenderThread:3069249 [sender.py:send_request():317] send_request: log_artifact
2023-01-06 11:57:11,532 INFO    Thread-33 :3069249 [upload_job.py:push():143] Uploaded file /tmp/tmp6f60keopwandb/357ahvgz-media/table/weapons_frisk_0_9d7919393af5d797d60d.table.json
2023-01-06 11:57:11,815 INFO    Thread-35 :3069249 [upload_job.py:push():101] Uploaded file /home/rr568/.cache/wandb/artifacts/obj/md5/d5/3b1633b6eb0dad65efa690e86d1057
2023-01-06 11:57:12,403 INFO    SenderThread:3069249 [sender.py:send_request_log_artifact():1222] logged artifact run-2j1urk6o-weapons_stop - {'id': 'QXJ0aWZhY3Q6MzE1MzcxMDY2', 'digest': '4cc40b385c3575e57d055eb185c5d7ab', 'state': 'PENDING', 'aliases': [], 'artifactSequence': {'id': 'QXJ0aWZhY3RDb2xsZWN0aW9uOjQ4ODU0NzA5', 'latestArtifact': None}, 'version': 'latest'}
2023-01-06 11:57:12,403 DEBUG   SenderThread:3069249 [sender.py:send():303] send: files
2023-01-06 11:57:12,403 INFO    SenderThread:3069249 [sender.py:_save_file():1171] saving file media/table/weapons_stop_0_53c3b135e578c87fb2eb.table.json with policy now
2023-01-06 11:57:12,403 DEBUG   SenderThread:3069249 [sender.py:send():303] send: history
2023-01-06 11:57:12,403 DEBUG   SenderThread:3069249 [sender.py:send():303] send: summary
2023-01-06 11:57:12,406 INFO    SenderThread:3069249 [sender.py:_save_file():1171] saving file wandb-summary.json with policy end
2023-01-06 11:57:12,407 DEBUG   SenderThread:3069249 [sender.py:send_request():317] send_request: stop_status
2023-01-06 11:57:12,823 INFO    Thread-36 :3069249 [upload_job.py:push():143] Uploaded file /tmp/tmp6f60keopwandb/11pgkm4q-media/table/weapons_stop_0_53c3b135e578c87fb2eb.table.json
2023-01-06 11:57:13,333 INFO    Thread-13 :3069249 [dir_watcher.py:_on_file_modified():292] file/dir modified: /share/pierson/selective_labels_data/hirid_data_analysis/richras_dir/learning_from_doctor_and_patient/Stop_Frisk_Notebooks/wandb/run-20230106_115633-2j1urk6o/files/wandb-summary.json
2023-01-06 11:57:16,120 DEBUG   HandlerThread:3069249 [handler.py:handle_request():139] handle_request: log_artifact
2023-01-06 11:57:16,120 DEBUG   SenderThread:3069249 [sender.py:send_request():317] send_request: log_artifact
2023-01-06 11:57:16,971 DEBUG   HandlerThread:3069249 [handler.py:handle_request():139] handle_request: poll_exit
2023-01-06 11:57:21,972 DEBUG   HandlerThread:3069249 [handler.py:handle_request():139] handle_request: keepalive
2023-01-06 11:57:26,967 DEBUG   HandlerThread:3069249 [handler.py:handle_request():139] handle_request: keepalive
2023-01-06 11:57:31,968 DEBUG   HandlerThread:3069249 [handler.py:handle_request():139] handle_request: keepalive
2023-01-06 11:57:36,969 DEBUG   HandlerThread:3069249 [handler.py:handle_request():139] handle_request: keepalive
2023-01-06 11:57:41,970 DEBUG   HandlerThread:3069249 [handler.py:handle_request():139] handle_request: keepalive
2023-01-06 11:57:46,971 DEBUG   HandlerThread:3069249 [handler.py:handle_request():139] handle_request: keepalive
2023-01-06 11:57:51,972 DEBUG   HandlerThread:3069249 [handler.py:handle_request():139] handle_request: keepalive
2023-01-06 11:57:56,972 DEBUG   HandlerThread:3069249 [handler.py:handle_request():139] handle_request: keepalive
2023-01-06 11:57:59,578 ERROR   SenderThread:3069249 [retry.py:__call__():154] Retry attempt failed:
Traceback (most recent call last):
  File "/home/rr568/.local/lib/python3.8/site-packages/urllib3/connectionpool.py", line 449, in _make_request
    six.raise_from(e, None)
  File "<string>", line 3, in raise_from
  File "/home/rr568/.local/lib/python3.8/site-packages/urllib3/connectionpool.py", line 444, in _make_request
    httplib_response = conn.getresponse()
  File "/home/rr568/.conda/envs/icu-benchmark/lib/python3.8/http/client.py", line 1347, in getresponse
    response.begin()
  File "/home/rr568/.conda/envs/icu-benchmark/lib/python3.8/http/client.py", line 307, in begin
    version, status, reason = self._read_status()
  File "/home/rr568/.conda/envs/icu-benchmark/lib/python3.8/http/client.py", line 268, in _read_status
    line = str(self.fp.readline(_MAXLINE + 1), "iso-8859-1")
  File "/home/rr568/.conda/envs/icu-benchmark/lib/python3.8/socket.py", line 669, in readinto
    return self._sock.recv_into(b)
  File "/home/rr568/.conda/envs/icu-benchmark/lib/python3.8/ssl.py", line 1241, in recv_into
    return self.read(nbytes, buffer)
  File "/home/rr568/.conda/envs/icu-benchmark/lib/python3.8/ssl.py", line 1099, in read
    return self._sslobj.read(len, buffer)
socket.timeout: The read operation timed out

During handling of the above exception, another exception occurred:

Traceback (most recent call last):
  File "/home/rr568/.conda/envs/icu-benchmark/lib/python3.8/site-packages/requests/adapters.py", line 489, in send
    resp = conn.urlopen(
  File "/home/rr568/.local/lib/python3.8/site-packages/urllib3/connectionpool.py", line 787, in urlopen
    retries = retries.increment(
  File "/home/rr568/.local/lib/python3.8/site-packages/urllib3/util/retry.py", line 550, in increment
    raise six.reraise(type(error), error, _stacktrace)
  File "/home/rr568/.local/lib/python3.8/site-packages/urllib3/packages/six.py", line 770, in reraise
    raise value
  File "/home/rr568/.local/lib/python3.8/site-packages/urllib3/connectionpool.py", line 703, in urlopen
    httplib_response = self._make_request(
  File "/home/rr568/.local/lib/python3.8/site-packages/urllib3/connectionpool.py", line 451, in _make_request
    self._raise_timeout(err=e, url=url, timeout_value=read_timeout)
  File "/home/rr568/.local/lib/python3.8/site-packages/urllib3/connectionpool.py", line 340, in _raise_timeout
    raise ReadTimeoutError(
urllib3.exceptions.ReadTimeoutError: HTTPSConnectionPool(host='api.wandb.ai', port=443): Read timed out. (read timeout=10)

During handling of the above exception, another exception occurred:

Traceback (most recent call last):
  File "/home/rr568/.conda/envs/icu-benchmark/lib/python3.8/site-packages/wandb/sdk/lib/retry.py", line 113, in __call__
    result = self._call_fn(*args, **kwargs)
  File "/home/rr568/.conda/envs/icu-benchmark/lib/python3.8/site-packages/wandb/sdk/internal/internal_api.py", line 209, in execute
    return self.client.execute(*args, **kwargs)  # type: ignore
  File "/home/rr568/.conda/envs/icu-benchmark/lib/python3.8/site-packages/wandb/vendor/gql-0.2.0/wandb_gql/client.py", line 52, in execute
    result = self._get_result(document, *args, **kwargs)
  File "/home/rr568/.conda/envs/icu-benchmark/lib/python3.8/site-packages/wandb/vendor/gql-0.2.0/wandb_gql/client.py", line 60, in _get_result
    return self.transport.execute(document, *args, **kwargs)
  File "/home/rr568/.conda/envs/icu-benchmark/lib/python3.8/site-packages/wandb/vendor/gql-0.2.0/wandb_gql/transport/requests.py", line 38, in execute
    request = requests.post(self.url, **post_args)
  File "/home/rr568/.conda/envs/icu-benchmark/lib/python3.8/site-packages/requests/api.py", line 115, in post
    return request("post", url, data=data, json=json, **kwargs)
  File "/home/rr568/.conda/envs/icu-benchmark/lib/python3.8/site-packages/requests/api.py", line 59, in request
    return session.request(method=method, url=url, **kwargs)
  File "/home/rr568/.conda/envs/icu-benchmark/lib/python3.8/site-packages/requests/sessions.py", line 587, in request
    resp = self.send(prep, **send_kwargs)
  File "/home/rr568/.conda/envs/icu-benchmark/lib/python3.8/site-packages/requests/sessions.py", line 701, in send
    r = adapter.send(request, **kwargs)
  File "/home/rr568/.conda/envs/icu-benchmark/lib/python3.8/site-packages/requests/adapters.py", line 578, in send
    raise ReadTimeout(e, request=request)
requests.exceptions.ReadTimeout: HTTPSConnectionPool(host='api.wandb.ai', port=443): Read timed out. (read timeout=10)
2023-01-06 11:58:01,973 DEBUG   HandlerThread:3069249 [handler.py:handle_request():139] handle_request: keepalive
2023-01-06 11:58:06,974 DEBUG   HandlerThread:3069249 [handler.py:handle_request():139] handle_request: keepalive
2023-01-06 11:58:11,975 DEBUG   HandlerThread:3069249 [handler.py:handle_request():139] handle_request: keepalive
2023-01-06 11:58:16,976 DEBUG   HandlerThread:3069249 [handler.py:handle_request():139] handle_request: keepalive
2023-01-06 11:58:21,977 DEBUG   HandlerThread:3069249 [handler.py:handle_request():139] handle_request: keepalive
2023-01-06 11:58:26,978 DEBUG   HandlerThread:3069249 [handler.py:handle_request():139] handle_request: keepalive
2023-01-06 11:58:31,978 DEBUG   HandlerThread:3069249 [handler.py:handle_request():139] handle_request: keepalive
2023-01-06 11:58:36,979 DEBUG   HandlerThread:3069249 [handler.py:handle_request():139] handle_request: keepalive
2023-01-06 11:58:41,980 DEBUG   HandlerThread:3069249 [handler.py:handle_request():139] handle_request: keepalive
2023-01-06 11:58:46,981 DEBUG   HandlerThread:3069249 [handler.py:handle_request():139] handle_request: keepalive
2023-01-06 11:58:51,982 DEBUG   HandlerThread:3069249 [handler.py:handle_request():139] handle_request: keepalive
2023-01-06 11:58:56,983 DEBUG   HandlerThread:3069249 [handler.py:handle_request():139] handle_request: keepalive
2023-01-06 11:59:01,984 DEBUG   HandlerThread:3069249 [handler.py:handle_request():139] handle_request: keepalive
2023-01-06 11:59:06,985 DEBUG   HandlerThread:3069249 [handler.py:handle_request():139] handle_request: keepalive
2023-01-06 11:59:11,986 DEBUG   HandlerThread:3069249 [handler.py:handle_request():139] handle_request: keepalive
2023-01-06 11:59:16,987 DEBUG   HandlerThread:3069249 [handler.py:handle_request():139] handle_request: keepalive
2023-01-06 11:59:21,987 DEBUG   HandlerThread:3069249 [handler.py:handle_request():139] handle_request: keepalive
2023-01-06 11:59:26,988 DEBUG   HandlerThread:3069249 [handler.py:handle_request():139] handle_request: keepalive
2023-01-06 11:59:31,989 DEBUG   HandlerThread:3069249 [handler.py:handle_request():139] handle_request: keepalive
2023-01-06 11:59:36,990 DEBUG   HandlerThread:3069249 [handler.py:handle_request():139] handle_request: keepalive
2023-01-06 11:59:41,991 DEBUG   HandlerThread:3069249 [handler.py:handle_request():139] handle_request: keepalive
2023-01-06 11:59:46,992 DEBUG   HandlerThread:3069249 [handler.py:handle_request():139] handle_request: keepalive
2023-01-06 11:59:51,993 DEBUG   HandlerThread:3069249 [handler.py:handle_request():139] handle_request: keepalive
2023-01-06 11:59:56,994 DEBUG   HandlerThread:3069249 [handler.py:handle_request():139] handle_request: keepalive
2023-01-06 12:00:01,995 DEBUG   HandlerThread:3069249 [handler.py:handle_request():139] handle_request: keepalive
2023-01-06 12:00:06,996 DEBUG   HandlerThread:3069249 [handler.py:handle_request():139] handle_request: keepalive
2023-01-06 12:00:11,997 DEBUG   HandlerThread:3069249 [handler.py:handle_request():139] handle_request: keepalive
2023-01-06 12:00:16,997 DEBUG   HandlerThread:3069249 [handler.py:handle_request():139] handle_request: keepalive
2023-01-06 12:00:21,998 DEBUG   HandlerThread:3069249 [handler.py:handle_request():139] handle_request: keepalive
2023-01-06 12:00:26,999 DEBUG   HandlerThread:3069249 [handler.py:handle_request():139] handle_request: keepalive
2023-01-06 12:00:32,000 DEBUG   HandlerThread:3069249 [handler.py:handle_request():139] handle_request: keepalive
2023-01-06 12:00:37,001 DEBUG   HandlerThread:3069249 [handler.py:handle_request():139] handle_request: keepalive
2023-01-06 12:00:42,002 DEBUG   HandlerThread:3069249 [handler.py:handle_request():139] handle_request: keepalive
2023-01-06 12:00:47,002 DEBUG   HandlerThread:3069249 [handler.py:handle_request():139] handle_request: keepalive
2023-01-06 12:00:52,003 DEBUG   HandlerThread:3069249 [handler.py:handle_request():139] handle_request: keepalive
2023-01-06 12:00:57,004 DEBUG   HandlerThread:3069249 [handler.py:handle_request():139] handle_request: keepalive
2023-01-06 12:01:02,005 DEBUG   HandlerThread:3069249 [handler.py:handle_request():139] handle_request: keepalive
2023-01-06 12:01:07,006 DEBUG   HandlerThread:3069249 [handler.py:handle_request():139] handle_request: keepalive
2023-01-06 12:01:12,007 DEBUG   HandlerThread:3069249 [handler.py:handle_request():139] handle_request: keepalive
2023-01-06 12:01:17,008 DEBUG   HandlerThread:3069249 [handler.py:handle_request():139] handle_request: keepalive
2023-01-06 12:01:22,009 DEBUG   HandlerThread:3069249 [handler.py:handle_request():139] handle_request: keepalive
2023-01-06 12:01:27,009 DEBUG   HandlerThread:3069249 [handler.py:handle_request():139] handle_request: keepalive
2023-01-06 12:01:32,010 DEBUG   HandlerThread:3069249 [handler.py:handle_request():139] handle_request: keepalive
2023-01-06 12:01:37,011 DEBUG   HandlerThread:3069249 [handler.py:handle_request():139] handle_request: keepalive
2023-01-06 12:01:42,012 DEBUG   HandlerThread:3069249 [handler.py:handle_request():139] handle_request: keepalive
2023-01-06 12:01:47,013 DEBUG   HandlerThread:3069249 [handler.py:handle_request():139] handle_request: keepalive
2023-01-06 12:01:52,014 DEBUG   HandlerThread:3069249 [handler.py:handle_request():139] handle_request: keepalive
2023-01-06 12:01:57,015 DEBUG   HandlerThread:3069249 [handler.py:handle_request():139] handle_request: keepalive
2023-01-06 12:02:02,015 DEBUG   HandlerThread:3069249 [handler.py:handle_request():139] handle_request: keepalive
2023-01-06 12:02:07,016 DEBUG   HandlerThread:3069249 [handler.py:handle_request():139] handle_request: keepalive
2023-01-06 12:02:12,017 DEBUG   HandlerThread:3069249 [handler.py:handle_request():139] handle_request: keepalive
2023-01-06 12:02:17,018 DEBUG   HandlerThread:3069249 [handler.py:handle_request():139] handle_request: keepalive
2023-01-06 12:02:22,019 DEBUG   HandlerThread:3069249 [handler.py:handle_request():139] handle_request: keepalive
2023-01-06 12:02:27,020 DEBUG   HandlerThread:3069249 [handler.py:handle_request():139] handle_request: keepalive
2023-01-06 12:02:32,021 DEBUG   HandlerThread:3069249 [handler.py:handle_request():139] handle_request: keepalive
2023-01-06 12:02:37,021 DEBUG   HandlerThread:3069249 [handler.py:handle_request():139] handle_request: keepalive
2023-01-06 12:02:42,022 DEBUG   HandlerThread:3069249 [handler.py:handle_request():139] handle_request: keepalive
2023-01-06 12:02:47,023 DEBUG   HandlerThread:3069249 [handler.py:handle_request():139] handle_request: keepalive
2023-01-06 12:02:52,024 DEBUG   HandlerThread:3069249 [handler.py:handle_request():139] handle_request: keepalive
2023-01-06 12:02:57,025 DEBUG   HandlerThread:3069249 [handler.py:handle_request():139] handle_request: keepalive
2023-01-06 12:03:02,025 DEBUG   HandlerThread:3069249 [handler.py:handle_request():139] handle_request: keepalive
2023-01-06 12:03:07,026 DEBUG   HandlerThread:3069249 [handler.py:handle_request():139] handle_request: keepalive
2023-01-06 12:03:12,027 DEBUG   HandlerThread:3069249 [handler.py:handle_request():139] handle_request: keepalive
2023-01-06 12:03:17,028 DEBUG   HandlerThread:3069249 [handler.py:handle_request():139] handle_request: keepalive
2023-01-06 12:03:22,029 DEBUG   HandlerThread:3069249 [handler.py:handle_request():139] handle_request: keepalive
2023-01-06 12:03:27,030 DEBUG   HandlerThread:3069249 [handler.py:handle_request():139] handle_request: keepalive
2023-01-06 12:03:32,030 DEBUG   HandlerThread:3069249 [handler.py:handle_request():139] handle_request: keepalive
2023-01-06 12:03:37,031 DEBUG   HandlerThread:3069249 [handler.py:handle_request():139] handle_request: keepalive
2023-01-06 12:03:42,032 DEBUG   HandlerThread:3069249 [handler.py:handle_request():139] handle_request: keepalive
2023-01-06 12:03:47,033 DEBUG   HandlerThread:3069249 [handler.py:handle_request():139] handle_request: keepalive
2023-01-06 12:03:52,034 DEBUG   HandlerThread:3069249 [handler.py:handle_request():139] handle_request: keepalive
2023-01-06 12:03:57,035 DEBUG   HandlerThread:3069249 [handler.py:handle_request():139] handle_request: keepalive
2023-01-06 12:04:02,035 DEBUG   HandlerThread:3069249 [handler.py:handle_request():139] handle_request: keepalive
2023-01-06 12:04:07,036 DEBUG   HandlerThread:3069249 [handler.py:handle_request():139] handle_request: keepalive
2023-01-06 12:04:12,037 DEBUG   HandlerThread:3069249 [handler.py:handle_request():139] handle_request: keepalive
2023-01-06 12:04:17,038 DEBUG   HandlerThread:3069249 [handler.py:handle_request():139] handle_request: keepalive
2023-01-06 12:04:22,039 DEBUG   HandlerThread:3069249 [handler.py:handle_request():139] handle_request: keepalive
2023-01-06 12:04:27,039 DEBUG   HandlerThread:3069249 [handler.py:handle_request():139] handle_request: keepalive
2023-01-06 12:04:32,040 DEBUG   HandlerThread:3069249 [handler.py:handle_request():139] handle_request: keepalive
2023-01-06 12:04:37,041 DEBUG   HandlerThread:3069249 [handler.py:handle_request():139] handle_request: keepalive
2023-01-06 12:04:42,042 DEBUG   HandlerThread:3069249 [handler.py:handle_request():139] handle_request: keepalive
2023-01-06 12:04:47,043 DEBUG   HandlerThread:3069249 [handler.py:handle_request():139] handle_request: keepalive
2023-01-06 12:04:52,044 DEBUG   HandlerThread:3069249 [handler.py:handle_request():139] handle_request: keepalive
2023-01-06 12:04:57,045 DEBUG   HandlerThread:3069249 [handler.py:handle_request():139] handle_request: keepalive
2023-01-06 12:05:02,045 DEBUG   HandlerThread:3069249 [handler.py:handle_request():139] handle_request: keepalive
2023-01-06 12:05:07,046 DEBUG   HandlerThread:3069249 [handler.py:handle_request():139] handle_request: keepalive
2023-01-06 12:05:12,047 DEBUG   HandlerThread:3069249 [handler.py:handle_request():139] handle_request: keepalive
2023-01-06 12:05:17,048 DEBUG   HandlerThread:3069249 [handler.py:handle_request():139] handle_request: keepalive
2023-01-06 12:05:22,049 DEBUG   HandlerThread:3069249 [handler.py:handle_request():139] handle_request: keepalive
2023-01-06 12:05:27,050 DEBUG   HandlerThread:3069249 [handler.py:handle_request():139] handle_request: keepalive
2023-01-06 12:05:32,050 DEBUG   HandlerThread:3069249 [handler.py:handle_request():139] handle_request: keepalive
2023-01-06 12:05:38,118 INFO    WriterThread:3069249 [datastore.py:close():279] close: /share/pierson/selective_labels_data/hirid_data_analysis/richras_dir/learning_from_doctor_and_patient/Stop_Frisk_Notebooks/wandb/run-20230106_115633-2j1urk6o/run-2j1urk6o.wandb
2023-01-06 12:09:00,058 ERROR   SenderThread:3069249 [internal_api.py:execute():212] 500 response executing GraphQL.
2023-01-06 12:09:00,059 ERROR   SenderThread:3069249 [internal_api.py:execute():213] {"errors":[{"message":"commands out of sync. Did you run multiple statements at once?","path":["createArtifact"]}],"data":{"createArtifact":null}}
2023-01-06 12:09:00,140 ERROR   StreamThr :3069249 [internal.py:wandb_internal():162] Thread SenderThread:
Traceback (most recent call last):
  File "/home/rr568/.conda/envs/icu-benchmark/lib/python3.8/site-packages/wandb/sdk/internal/internal_util.py", line 49, in run
    self._run()
  File "/home/rr568/.conda/envs/icu-benchmark/lib/python3.8/site-packages/wandb/sdk/internal/internal_util.py", line 100, in _run
    self._process(record)
  File "/home/rr568/.conda/envs/icu-benchmark/lib/python3.8/site-packages/wandb/sdk/internal/internal.py", line 309, in _process
    self._sm.send(record)
  File "/home/rr568/.conda/envs/icu-benchmark/lib/python3.8/site-packages/wandb/sdk/internal/sender.py", line 305, in send
    send_handler(record)
  File "/home/rr568/.conda/envs/icu-benchmark/lib/python3.8/site-packages/wandb/sdk/internal/sender.py", line 319, in send_request
    send_handler(record)
  File "/home/rr568/.conda/envs/icu-benchmark/lib/python3.8/site-packages/wandb/sdk/internal/sender.py", line 1230, in send_request_log_artifact
    self._respond_result(result)
  File "/home/rr568/.conda/envs/icu-benchmark/lib/python3.8/site-packages/wandb/sdk/internal/sender.py", line 323, in _respond_result
    self._result_q.put(result)
  File "/home/rr568/.conda/envs/icu-benchmark/lib/python3.8/multiprocessing/queues.py", line 82, in put
    raise ValueError(f"Queue {self!r} is closed")
ValueError: Queue <multiprocessing.queues.Queue object at 0x7f0b035f7b50> is closed
2023-01-06 12:09:05,911 INFO    MainThread:3069249 [internal.py:handle_exit():77] Internal process exited
