2023-01-04 23:11:57,613 INFO    StreamThr :2919445 [internal.py:wandb_internal():87] W&B internal server running at pid: 2919445, started at: 2023-01-04 23:11:57.612651
2023-01-04 23:11:57,650 DEBUG   HandlerThread:2919445 [handler.py:handle_request():139] handle_request: status
2023-01-04 23:11:57,652 DEBUG   SenderThread:2919445 [sender.py:send_request():317] send_request: status
2023-01-04 23:11:57,668 DEBUG   SenderThread:2919445 [sender.py:send():303] send: header
2023-01-04 23:11:57,668 INFO    WriterThread:2919445 [datastore.py:open_for_write():75] open: /share/pierson/selective_labels_data/hirid_data_analysis/richras_dir/learning_from_doctor_and_patient/Stop_Frisk_Notebooks/wandb/run-20230104_231157-23dj48ef/run-23dj48ef.wandb
2023-01-04 23:11:57,867 DEBUG   SenderThread:2919445 [sender.py:send():303] send: run
2023-01-04 23:11:58,066 DEBUG   HandlerThread:2919445 [handler.py:handle_request():139] handle_request: check_version
2023-01-04 23:11:58,074 INFO    SenderThread:2919445 [dir_watcher.py:__init__():216] watching files in: /share/pierson/selective_labels_data/hirid_data_analysis/richras_dir/learning_from_doctor_and_patient/Stop_Frisk_Notebooks/wandb/run-20230104_231157-23dj48ef/files
2023-01-04 23:11:58,075 INFO    SenderThread:2919445 [sender.py:_start_run_threads():928] run started: 23dj48ef with start time 1672891917.614256
2023-01-04 23:11:58,075 DEBUG   SenderThread:2919445 [sender.py:send():303] send: summary
2023-01-04 23:11:58,075 INFO    SenderThread:2919445 [sender.py:_save_file():1171] saving file wandb-summary.json with policy end
2023-01-04 23:11:58,076 DEBUG   SenderThread:2919445 [sender.py:send_request():317] send_request: check_version
2023-01-04 23:11:58,140 DEBUG   HandlerThread:2919445 [handler.py:handle_request():139] handle_request: run_start
2023-01-04 23:11:58,147 DEBUG   HandlerThread:2919445 [system_info.py:__init__():31] System info init
2023-01-04 23:11:58,147 DEBUG   HandlerThread:2919445 [system_info.py:__init__():46] System info init done
2023-01-04 23:11:58,147 INFO    HandlerThread:2919445 [system_monitor.py:start():150] Starting system monitor
2023-01-04 23:11:58,148 INFO    SystemMonitor:2919445 [system_monitor.py:_start():116] Starting system asset monitoring threads
2023-01-04 23:11:58,148 INFO    HandlerThread:2919445 [system_monitor.py:probe():171] Collecting system info
2023-01-04 23:11:58,152 INFO    SystemMonitor:2919445 [interfaces.py:start():168] Started cpu
2023-01-04 23:11:58,153 INFO    SystemMonitor:2919445 [interfaces.py:start():168] Started disk
2023-01-04 23:11:58,153 INFO    SystemMonitor:2919445 [interfaces.py:start():168] Started gpu
2023-01-04 23:11:58,153 INFO    SystemMonitor:2919445 [interfaces.py:start():168] Started memory
2023-01-04 23:11:58,153 INFO    SystemMonitor:2919445 [interfaces.py:start():168] Started network
2023-01-04 23:11:58,188 DEBUG   HandlerThread:2919445 [system_info.py:probe():195] Probing system
2023-01-04 23:11:58,194 DEBUG   HandlerThread:2919445 [system_info.py:_probe_git():180] Probing git
2023-01-04 23:11:58,205 DEBUG   HandlerThread:2919445 [system_info.py:_probe_git():188] Probing git done
2023-01-04 23:11:58,205 DEBUG   HandlerThread:2919445 [system_info.py:probe():241] Probing system done
2023-01-04 23:11:58,205 DEBUG   HandlerThread:2919445 [system_monitor.py:probe():180] {'os': 'Linux-5.4.0-135-generic-x86_64-with-glibc2.10', 'python': '3.8.8', 'heartbeatAt': '2023-01-05T04:11:58.188981', 'startedAt': '2023-01-05T04:11:57.599884', 'docker': None, 'cuda': None, 'args': None, 'state': 'running', 'program': '<python with no main file>', 'git': {'remote': 'https://github.com/epierson9/learning_from_doctor_and_patient.git', 'commit': '5837dd7375b436d651987b31f67e265a76c9708d'}, 'email': 'richa2910@gmail.com', 'root': '/share/pierson/selective_labels_data/hirid_data_analysis/richras_dir/learning_from_doctor_and_patient', 'host': 'klara.tech.cornell.edu', 'username': 'rr568', 'executable': '/home/rr568/.conda/envs/icu-benchmark/bin/python', 'cpu_count': 56, 'cpu_count_logical': 56, 'cpu_freq': {'current': 1624.3965178571423, 'min': 1000.0, 'max': 4000.0}, 'cpu_freq_per_core': [{'current': 1000.071, 'min': 1000.0, 'max': 4000.0}, {'current': 1000.538, 'min': 1000.0, 'max': 4000.0}, {'current': 1000.578, 'min': 1000.0, 'max': 4000.0}, {'current': 2700.061, 'min': 1000.0, 'max': 4000.0}, {'current': 3699.997, 'min': 1000.0, 'max': 4000.0}, {'current': 1909.412, 'min': 1000.0, 'max': 4000.0}, {'current': 3649.077, 'min': 1000.0, 'max': 4000.0}, {'current': 2855.993, 'min': 1000.0, 'max': 4000.0}, {'current': 1000.24, 'min': 1000.0, 'max': 4000.0}, {'current': 1500.609, 'min': 1000.0, 'max': 4000.0}, {'current': 1000.552, 'min': 1000.0, 'max': 4000.0}, {'current': 1000.409, 'min': 1000.0, 'max': 4000.0}, {'current': 1000.458, 'min': 1000.0, 'max': 4000.0}, {'current': 1000.081, 'min': 1000.0, 'max': 4000.0}, {'current': 3700.002, 'min': 1000.0, 'max': 4000.0}, {'current': 1000.078, 'min': 1000.0, 'max': 4000.0}, {'current': 2700.704, 'min': 1000.0, 'max': 4000.0}, {'current': 1700.784, 'min': 1000.0, 'max': 4000.0}, {'current': 1059.024, 'min': 1000.0, 'max': 4000.0}, {'current': 999.972, 'min': 1000.0, 'max': 4000.0}, {'current': 1000.355, 'min': 1000.0, 'max': 4000.0}, {'current': 1000.045, 'min': 1000.0, 'max': 4000.0}, {'current': 999.458, 'min': 1000.0, 'max': 4000.0}, {'current': 1430.501, 'min': 1000.0, 'max': 4000.0}, {'current': 1000.397, 'min': 1000.0, 'max': 4000.0}, {'current': 3699.735, 'min': 1000.0, 'max': 4000.0}, {'current': 1000.785, 'min': 1000.0, 'max': 4000.0}, {'current': 1000.581, 'min': 1000.0, 'max': 4000.0}, {'current': 1000.372, 'min': 1000.0, 'max': 4000.0}, {'current': 1000.252, 'min': 1000.0, 'max': 4000.0}, {'current': 1000.45, 'min': 1000.0, 'max': 4000.0}, {'current': 1301.435, 'min': 1000.0, 'max': 4000.0}, {'current': 1000.821, 'min': 1000.0, 'max': 4000.0}, {'current': 999.877, 'min': 1000.0, 'max': 4000.0}, {'current': 1000.815, 'min': 1000.0, 'max': 4000.0}, {'current': 2699.613, 'min': 1000.0, 'max': 4000.0}, {'current': 1800.424, 'min': 1000.0, 'max': 4000.0}, {'current': 1701.338, 'min': 1000.0, 'max': 4000.0}, {'current': 1800.57, 'min': 1000.0, 'max': 4000.0}, {'current': 999.658, 'min': 1000.0, 'max': 4000.0}, {'current': 3913.918, 'min': 1000.0, 'max': 4000.0}, {'current': 1800.664, 'min': 1000.0, 'max': 4000.0}, {'current': 3914.663, 'min': 1000.0, 'max': 4000.0}, {'current': 1001.002, 'min': 1000.0, 'max': 4000.0}, {'current': 1601.088, 'min': 1000.0, 'max': 4000.0}, {'current': 2838.759, 'min': 1000.0, 'max': 4000.0}, {'current': 1000.204, 'min': 1000.0, 'max': 4000.0}, {'current': 1000.487, 'min': 1000.0, 'max': 4000.0}, {'current': 1000.33, 'min': 1000.0, 'max': 4000.0}, {'current': 1000.255, 'min': 1000.0, 'max': 4000.0}, {'current': 1000.418, 'min': 1000.0, 'max': 4000.0}, {'current': 1000.189, 'min': 1000.0, 'max': 4000.0}, {'current': 1000.41, 'min': 1000.0, 'max': 4000.0}, {'current': 1000.646, 'min': 1000.0, 'max': 4000.0}, {'current': 1000.395, 'min': 1000.0, 'max': 4000.0}, {'current': 1000.745, 'min': 1000.0, 'max': 4000.0}], 'disk': {'total': 79.9609375, 'used': 37.30527114868164}, 'memory': {'total': 1007.5650444030762}}
2023-01-04 23:11:58,206 INFO    HandlerThread:2919445 [system_monitor.py:probe():181] Finished collecting system info
2023-01-04 23:11:58,206 INFO    HandlerThread:2919445 [system_monitor.py:probe():184] Publishing system info
2023-01-04 23:11:58,206 DEBUG   HandlerThread:2919445 [system_info.py:_save_pip():51] Saving list of pip packages installed into the current environment
2023-01-04 23:11:58,207 DEBUG   HandlerThread:2919445 [system_info.py:_save_pip():67] Saving pip packages done
2023-01-04 23:11:58,207 DEBUG   HandlerThread:2919445 [system_info.py:_save_conda():74] Saving list of conda packages installed into the current environment
2023-01-04 23:11:59,077 INFO    Thread-13 :2919445 [dir_watcher.py:_on_file_created():275] file/dir created: /share/pierson/selective_labels_data/hirid_data_analysis/richras_dir/learning_from_doctor_and_patient/Stop_Frisk_Notebooks/wandb/run-20230104_231157-23dj48ef/files/wandb-summary.json
2023-01-04 23:11:59,077 INFO    Thread-13 :2919445 [dir_watcher.py:_on_file_created():275] file/dir created: /share/pierson/selective_labels_data/hirid_data_analysis/richras_dir/learning_from_doctor_and_patient/Stop_Frisk_Notebooks/wandb/run-20230104_231157-23dj48ef/files/conda-environment.yaml
2023-01-04 23:11:59,077 INFO    Thread-13 :2919445 [dir_watcher.py:_on_file_created():275] file/dir created: /share/pierson/selective_labels_data/hirid_data_analysis/richras_dir/learning_from_doctor_and_patient/Stop_Frisk_Notebooks/wandb/run-20230104_231157-23dj48ef/files/requirements.txt
2023-01-04 23:12:01,378 DEBUG   HandlerThread:2919445 [system_info.py:_save_conda():86] Saving conda packages done
2023-01-04 23:12:01,380 INFO    HandlerThread:2919445 [system_monitor.py:probe():186] Finished publishing system info
2023-01-04 23:12:01,390 DEBUG   SenderThread:2919445 [sender.py:send():303] send: files
2023-01-04 23:12:01,390 INFO    SenderThread:2919445 [sender.py:_save_file():1171] saving file wandb-metadata.json with policy now
2023-01-04 23:12:01,405 DEBUG   HandlerThread:2919445 [handler.py:handle_request():139] handle_request: stop_status
2023-01-04 23:12:01,406 DEBUG   SenderThread:2919445 [sender.py:send_request():317] send_request: stop_status
2023-01-04 23:12:01,409 DEBUG   HandlerThread:2919445 [handler.py:handle_request():139] handle_request: pause
2023-01-04 23:12:01,409 INFO    HandlerThread:2919445 [handler.py:handle_request_pause():696] stopping system metrics thread or process
2023-01-04 23:12:01,409 INFO    HandlerThread:2919445 [system_monitor.py:finish():160] Stopping system monitor
2023-01-04 23:12:01,409 DEBUG   SystemMonitor:2919445 [system_monitor.py:_start():130] Starting system metrics aggregation loop
2023-01-04 23:12:01,409 DEBUG   SystemMonitor:2919445 [system_monitor.py:_start():137] Finished system metrics aggregation loop
2023-01-04 23:12:01,410 DEBUG   SystemMonitor:2919445 [system_monitor.py:_start():141] Publishing last batch of metrics
2023-01-04 23:12:01,410 INFO    HandlerThread:2919445 [interfaces.py:finish():175] Joined cpu
2023-01-04 23:12:01,410 INFO    HandlerThread:2919445 [interfaces.py:finish():175] Joined disk
2023-01-04 23:12:01,410 INFO    HandlerThread:2919445 [interfaces.py:finish():175] Joined gpu
2023-01-04 23:12:01,410 INFO    HandlerThread:2919445 [interfaces.py:finish():175] Joined memory
2023-01-04 23:12:01,410 INFO    HandlerThread:2919445 [interfaces.py:finish():175] Joined network
2023-01-04 23:12:01,417 DEBUG   HandlerThread:2919445 [handler.py:handle_request():139] handle_request: resume
2023-01-04 23:12:01,417 INFO    HandlerThread:2919445 [handler.py:handle_request_resume():687] starting system metrics thread or process
2023-01-04 23:12:01,485 DEBUG   SenderThread:2919445 [sender.py:send():303] send: telemetry
2023-01-04 23:12:01,737 INFO    Thread-16 :2919445 [upload_job.py:push():143] Uploaded file /var/tmp/tmp3o5p807awandb/2w7xozbj-wandb-metadata.json
2023-01-04 23:12:02,080 INFO    Thread-13 :2919445 [dir_watcher.py:_on_file_modified():292] file/dir modified: /share/pierson/selective_labels_data/hirid_data_analysis/richras_dir/learning_from_doctor_and_patient/Stop_Frisk_Notebooks/wandb/run-20230104_231157-23dj48ef/files/conda-environment.yaml
2023-01-04 23:12:02,080 INFO    Thread-13 :2919445 [dir_watcher.py:_on_file_created():275] file/dir created: /share/pierson/selective_labels_data/hirid_data_analysis/richras_dir/learning_from_doctor_and_patient/Stop_Frisk_Notebooks/wandb/run-20230104_231157-23dj48ef/files/wandb-metadata.json
2023-01-04 23:12:16,486 DEBUG   HandlerThread:2919445 [handler.py:handle_request():139] handle_request: stop_status
2023-01-04 23:12:16,486 DEBUG   SenderThread:2919445 [sender.py:send_request():317] send_request: stop_status
2023-01-04 23:12:17,303 DEBUG   HandlerThread:2919445 [handler.py:handle_request():139] handle_request: log_artifact
2023-01-04 23:12:17,303 DEBUG   SenderThread:2919445 [sender.py:send_request():317] send_request: log_artifact
2023-01-04 23:12:17,487 DEBUG   HandlerThread:2919445 [handler.py:handle_request():139] handle_request: partial_history
2023-01-04 23:12:18,094 INFO    Thread-13 :2919445 [dir_watcher.py:_on_file_created():275] file/dir created: /share/pierson/selective_labels_data/hirid_data_analysis/richras_dir/learning_from_doctor_and_patient/Stop_Frisk_Notebooks/wandb/run-20230104_231157-23dj48ef/files/media/table/grouped_dataset_T_D_0_1b77bc324ba07d4347a7.table.json
2023-01-04 23:12:18,095 INFO    Thread-13 :2919445 [dir_watcher.py:_on_file_created():275] file/dir created: /share/pierson/selective_labels_data/hirid_data_analysis/richras_dir/learning_from_doctor_and_patient/Stop_Frisk_Notebooks/wandb/run-20230104_231157-23dj48ef/files/media
2023-01-04 23:12:18,095 INFO    Thread-13 :2919445 [dir_watcher.py:_on_file_created():275] file/dir created: /share/pierson/selective_labels_data/hirid_data_analysis/richras_dir/learning_from_doctor_and_patient/Stop_Frisk_Notebooks/wandb/run-20230104_231157-23dj48ef/files/media/table
2023-01-04 23:12:18,204 INFO    Thread-18 :2919445 [upload_job.py:push():101] Uploaded file /home/rr568/.cache/wandb/artifacts/obj/md5/6d/ff8852b53c7856ae9bbc5c5bdd8996
2023-01-04 23:12:18,435 INFO    Thread-19 :2919445 [upload_job.py:push():143] Uploaded file /var/tmp/tmp3o5p807awandb/39cokaqt-media/table/grouped_dataset_T_D_0_1b77bc324ba07d4347a7.table.json
2023-01-04 23:12:18,822 INFO    SenderThread:2919445 [sender.py:send_request_log_artifact():1222] logged artifact run-23dj48ef-grouped_dataset_T_D - {'id': 'QXJ0aWZhY3Q6MzEzMzI5Mzg3', 'digest': 'c24ce9574750bf7880c7192c38533ff3', 'state': 'PENDING', 'aliases': [], 'artifactSequence': {'id': 'QXJ0aWZhY3RDb2xsZWN0aW9uOjQ4NzM5NTM3', 'latestArtifact': None}, 'version': 'latest'}
2023-01-04 23:12:18,822 DEBUG   SenderThread:2919445 [sender.py:send():303] send: files
2023-01-04 23:12:18,822 INFO    SenderThread:2919445 [sender.py:_save_file():1171] saving file media/table/grouped_dataset_T_D_0_1b77bc324ba07d4347a7.table.json with policy now
2023-01-04 23:12:18,823 DEBUG   SenderThread:2919445 [sender.py:send():303] send: history
2023-01-04 23:12:18,823 DEBUG   SenderThread:2919445 [sender.py:send():303] send: summary
2023-01-04 23:12:18,826 INFO    SenderThread:2919445 [sender.py:_save_file():1171] saving file wandb-summary.json with policy end
2023-01-04 23:12:19,096 INFO    Thread-13 :2919445 [dir_watcher.py:_on_file_modified():292] file/dir modified: /share/pierson/selective_labels_data/hirid_data_analysis/richras_dir/learning_from_doctor_and_patient/Stop_Frisk_Notebooks/wandb/run-20230104_231157-23dj48ef/files/wandb-summary.json
2023-01-04 23:12:19,211 INFO    Thread-20 :2919445 [upload_job.py:push():143] Uploaded file /var/tmp/tmp3o5p807awandb/1qt5eh5n-media/table/grouped_dataset_T_D_0_1b77bc324ba07d4347a7.table.json
2023-01-04 23:12:23,420 DEBUG   HandlerThread:2919445 [handler.py:handle_request():139] handle_request: log_artifact
2023-01-04 23:12:23,420 DEBUG   SenderThread:2919445 [sender.py:send_request():317] send_request: log_artifact
2023-01-04 23:12:24,340 DEBUG   HandlerThread:2919445 [handler.py:handle_request():139] handle_request: poll_exit
2023-01-04 23:12:29,337 DEBUG   HandlerThread:2919445 [handler.py:handle_request():139] handle_request: keepalive
2023-01-04 23:12:34,338 DEBUG   HandlerThread:2919445 [handler.py:handle_request():139] handle_request: keepalive
2023-01-04 23:12:39,340 DEBUG   HandlerThread:2919445 [handler.py:handle_request():139] handle_request: keepalive
2023-01-04 23:12:44,341 DEBUG   HandlerThread:2919445 [handler.py:handle_request():139] handle_request: keepalive
2023-01-04 23:12:49,343 DEBUG   HandlerThread:2919445 [handler.py:handle_request():139] handle_request: keepalive
2023-01-04 23:12:54,344 DEBUG   HandlerThread:2919445 [handler.py:handle_request():139] handle_request: keepalive
2023-01-04 23:12:59,346 DEBUG   HandlerThread:2919445 [handler.py:handle_request():139] handle_request: keepalive
2023-01-04 23:13:02,326 ERROR   SenderThread:2919445 [retry.py:__call__():154] Retry attempt failed:
Traceback (most recent call last):
  File "/home/rr568/.local/lib/python3.8/site-packages/urllib3/connectionpool.py", line 449, in _make_request
    six.raise_from(e, None)
  File "<string>", line 3, in raise_from
  File "/home/rr568/.local/lib/python3.8/site-packages/urllib3/connectionpool.py", line 444, in _make_request
    httplib_response = conn.getresponse()
  File "/home/rr568/.conda/envs/icu-benchmark/lib/python3.8/http/client.py", line 1347, in getresponse
    response.begin()
  File "/home/rr568/.conda/envs/icu-benchmark/lib/python3.8/http/client.py", line 307, in begin
    version, status, reason = self._read_status()
  File "/home/rr568/.conda/envs/icu-benchmark/lib/python3.8/http/client.py", line 268, in _read_status
    line = str(self.fp.readline(_MAXLINE + 1), "iso-8859-1")
  File "/home/rr568/.conda/envs/icu-benchmark/lib/python3.8/socket.py", line 669, in readinto
    return self._sock.recv_into(b)
  File "/home/rr568/.conda/envs/icu-benchmark/lib/python3.8/ssl.py", line 1241, in recv_into
    return self.read(nbytes, buffer)
  File "/home/rr568/.conda/envs/icu-benchmark/lib/python3.8/ssl.py", line 1099, in read
    return self._sslobj.read(len, buffer)
socket.timeout: The read operation timed out

During handling of the above exception, another exception occurred:

Traceback (most recent call last):
  File "/home/rr568/.conda/envs/icu-benchmark/lib/python3.8/site-packages/requests/adapters.py", line 489, in send
    resp = conn.urlopen(
  File "/home/rr568/.local/lib/python3.8/site-packages/urllib3/connectionpool.py", line 787, in urlopen
    retries = retries.increment(
  File "/home/rr568/.local/lib/python3.8/site-packages/urllib3/util/retry.py", line 550, in increment
    raise six.reraise(type(error), error, _stacktrace)
  File "/home/rr568/.local/lib/python3.8/site-packages/urllib3/packages/six.py", line 770, in reraise
    raise value
  File "/home/rr568/.local/lib/python3.8/site-packages/urllib3/connectionpool.py", line 703, in urlopen
    httplib_response = self._make_request(
  File "/home/rr568/.local/lib/python3.8/site-packages/urllib3/connectionpool.py", line 451, in _make_request
    self._raise_timeout(err=e, url=url, timeout_value=read_timeout)
  File "/home/rr568/.local/lib/python3.8/site-packages/urllib3/connectionpool.py", line 340, in _raise_timeout
    raise ReadTimeoutError(
urllib3.exceptions.ReadTimeoutError: HTTPSConnectionPool(host='api.wandb.ai', port=443): Read timed out. (read timeout=10)

During handling of the above exception, another exception occurred:

Traceback (most recent call last):
  File "/home/rr568/.conda/envs/icu-benchmark/lib/python3.8/site-packages/wandb/sdk/lib/retry.py", line 113, in __call__
    result = self._call_fn(*args, **kwargs)
  File "/home/rr568/.conda/envs/icu-benchmark/lib/python3.8/site-packages/wandb/sdk/internal/internal_api.py", line 209, in execute
    return self.client.execute(*args, **kwargs)  # type: ignore
  File "/home/rr568/.conda/envs/icu-benchmark/lib/python3.8/site-packages/wandb/vendor/gql-0.2.0/wandb_gql/client.py", line 52, in execute
    result = self._get_result(document, *args, **kwargs)
  File "/home/rr568/.conda/envs/icu-benchmark/lib/python3.8/site-packages/wandb/vendor/gql-0.2.0/wandb_gql/client.py", line 60, in _get_result
    return self.transport.execute(document, *args, **kwargs)
  File "/home/rr568/.conda/envs/icu-benchmark/lib/python3.8/site-packages/wandb/vendor/gql-0.2.0/wandb_gql/transport/requests.py", line 38, in execute
    request = requests.post(self.url, **post_args)
  File "/home/rr568/.conda/envs/icu-benchmark/lib/python3.8/site-packages/requests/api.py", line 115, in post
    return request("post", url, data=data, json=json, **kwargs)
  File "/home/rr568/.conda/envs/icu-benchmark/lib/python3.8/site-packages/requests/api.py", line 59, in request
    return session.request(method=method, url=url, **kwargs)
  File "/home/rr568/.conda/envs/icu-benchmark/lib/python3.8/site-packages/requests/sessions.py", line 587, in request
    resp = self.send(prep, **send_kwargs)
  File "/home/rr568/.conda/envs/icu-benchmark/lib/python3.8/site-packages/requests/sessions.py", line 701, in send
    r = adapter.send(request, **kwargs)
  File "/home/rr568/.conda/envs/icu-benchmark/lib/python3.8/site-packages/requests/adapters.py", line 578, in send
    raise ReadTimeout(e, request=request)
requests.exceptions.ReadTimeout: HTTPSConnectionPool(host='api.wandb.ai', port=443): Read timed out. (read timeout=10)
2023-01-04 23:13:04,347 DEBUG   HandlerThread:2919445 [handler.py:handle_request():139] handle_request: keepalive
2023-01-04 23:13:09,349 DEBUG   HandlerThread:2919445 [handler.py:handle_request():139] handle_request: keepalive
2023-01-04 23:13:14,350 DEBUG   HandlerThread:2919445 [handler.py:handle_request():139] handle_request: keepalive
2023-01-04 23:13:19,352 DEBUG   HandlerThread:2919445 [handler.py:handle_request():139] handle_request: keepalive
2023-01-04 23:13:24,354 DEBUG   HandlerThread:2919445 [handler.py:handle_request():139] handle_request: keepalive
2023-01-04 23:13:29,355 DEBUG   HandlerThread:2919445 [handler.py:handle_request():139] handle_request: keepalive
2023-01-04 23:13:34,357 DEBUG   HandlerThread:2919445 [handler.py:handle_request():139] handle_request: keepalive
2023-01-04 23:13:39,358 DEBUG   HandlerThread:2919445 [handler.py:handle_request():139] handle_request: keepalive
2023-01-04 23:13:44,360 DEBUG   HandlerThread:2919445 [handler.py:handle_request():139] handle_request: keepalive
2023-01-04 23:13:49,362 DEBUG   HandlerThread:2919445 [handler.py:handle_request():139] handle_request: keepalive
2023-01-04 23:13:54,363 DEBUG   HandlerThread:2919445 [handler.py:handle_request():139] handle_request: keepalive
2023-01-04 23:13:59,365 DEBUG   HandlerThread:2919445 [handler.py:handle_request():139] handle_request: keepalive
2023-01-04 23:14:04,366 DEBUG   HandlerThread:2919445 [handler.py:handle_request():139] handle_request: keepalive
2023-01-04 23:14:09,368 DEBUG   HandlerThread:2919445 [handler.py:handle_request():139] handle_request: keepalive
2023-01-04 23:14:14,370 DEBUG   HandlerThread:2919445 [handler.py:handle_request():139] handle_request: keepalive
2023-01-04 23:14:19,371 DEBUG   HandlerThread:2919445 [handler.py:handle_request():139] handle_request: keepalive
2023-01-04 23:14:24,373 DEBUG   HandlerThread:2919445 [handler.py:handle_request():139] handle_request: keepalive
2023-01-04 23:14:29,374 DEBUG   HandlerThread:2919445 [handler.py:handle_request():139] handle_request: keepalive
2023-01-04 23:14:34,376 DEBUG   HandlerThread:2919445 [handler.py:handle_request():139] handle_request: keepalive
2023-01-04 23:14:39,377 DEBUG   HandlerThread:2919445 [handler.py:handle_request():139] handle_request: keepalive
2023-01-04 23:14:44,379 DEBUG   HandlerThread:2919445 [handler.py:handle_request():139] handle_request: keepalive
2023-01-04 23:14:49,381 DEBUG   HandlerThread:2919445 [handler.py:handle_request():139] handle_request: keepalive
2023-01-04 23:14:54,382 DEBUG   HandlerThread:2919445 [handler.py:handle_request():139] handle_request: keepalive
2023-01-04 23:14:59,384 DEBUG   HandlerThread:2919445 [handler.py:handle_request():139] handle_request: keepalive
2023-01-04 23:15:02,676 INFO    WriterThread:2919445 [datastore.py:close():279] close: /share/pierson/selective_labels_data/hirid_data_analysis/richras_dir/learning_from_doctor_and_patient/Stop_Frisk_Notebooks/wandb/run-20230104_231157-23dj48ef/run-23dj48ef.wandb
2023-01-04 23:24:24,494 INFO    Thread-22 :2919445 [upload_job.py:push():101] Uploaded file /home/rr568/.cache/wandb/artifacts/obj/md5/76/3b4ce41158b9086b8d4f9d548d62de
2023-01-04 23:24:27,797 INFO    SenderThread:2919445 [sender.py:send_request_log_artifact():1222] logged artifact StopAndFrisk_processed - {'id': 'QXJ0aWZhY3Q6MzEzMzQwMDk2', 'digest': 'cafcacc57cec9b21c734187215c0c425', 'state': 'PENDING', 'aliases': [], 'artifactSequence': {'id': 'QXJ0aWZhY3RDb2xsZWN0aW9uOjQ4NzM4OTEz', 'latestArtifact': {'id': 'QXJ0aWZhY3Q6MzEzMzM1NjUy', 'versionIndex': 1}}, 'version': 'latest'}
2023-01-04 23:24:27,798 ERROR   StreamThr :2919445 [internal.py:wandb_internal():162] Thread SenderThread:
Traceback (most recent call last):
  File "/home/rr568/.conda/envs/icu-benchmark/lib/python3.8/site-packages/wandb/sdk/internal/internal_util.py", line 49, in run
    self._run()
  File "/home/rr568/.conda/envs/icu-benchmark/lib/python3.8/site-packages/wandb/sdk/internal/internal_util.py", line 100, in _run
    self._process(record)
  File "/home/rr568/.conda/envs/icu-benchmark/lib/python3.8/site-packages/wandb/sdk/internal/internal.py", line 309, in _process
    self._sm.send(record)
  File "/home/rr568/.conda/envs/icu-benchmark/lib/python3.8/site-packages/wandb/sdk/internal/sender.py", line 305, in send
    send_handler(record)
  File "/home/rr568/.conda/envs/icu-benchmark/lib/python3.8/site-packages/wandb/sdk/internal/sender.py", line 319, in send_request
    send_handler(record)
  File "/home/rr568/.conda/envs/icu-benchmark/lib/python3.8/site-packages/wandb/sdk/internal/sender.py", line 1230, in send_request_log_artifact
    self._respond_result(result)
  File "/home/rr568/.conda/envs/icu-benchmark/lib/python3.8/site-packages/wandb/sdk/internal/sender.py", line 323, in _respond_result
    self._result_q.put(result)
  File "/home/rr568/.conda/envs/icu-benchmark/lib/python3.8/multiprocessing/queues.py", line 82, in put
    raise ValueError(f"Queue {self!r} is closed")
ValueError: Queue <multiprocessing.queues.Queue object at 0x7f18a7d81b50> is closed
2023-01-04 23:24:31,901 INFO    MainThread:2919445 [internal.py:handle_exit():77] Internal process exited
